(1828, 1828)
(1828, 1828)
connection successful
PostgreSQL connection is closed
############# Start of size of the dataset #################
test-text: 145
1144
539
train-text: 296
3270
1454
valid-text: 178
1100
499
############# Start of calc. MAP #################
########
145-145:  [1.0]
145-539:  [0.7051058121209532]
145-1144:  [0.624210349786538]
145-1828:  [0.6761976633932908]
539-539:  [0.5782971657421352]
539-145:  [0.7399327953031656]
539-1144:  [0.5382412704171529]
539-1828:  [0.5560254290707938]
1144-1144:  [0.49776124788103054]
1144-145:  [0.6603752344913629]
1144-539:  [0.5497822018788373]
1144-1828:  [0.5155595226935162]
