(1828, 1828)
(1828, 1828)
connection successful
PostgreSQL connection is closed
############# Start of size of the dataset #################
test-text: 145
1144
539
train-text: 296
3270
1454
valid-text: 178
1100
499
############# Start of calc. MAP #################
########
1144-145:  [0.5447309787466776]
1144-1144:  [0.26669284066120746]
1144-539:  [0.328712940931263]
1144-1828:  [0.2967193336067699]

145-145:  [1.0]
145-1144:  [0.3689020344061001]
145-539:  [0.45578267262006994]
145-1828:  [0.4335645513918232]

539-145:  [0.6174557977412959]
539-1144:  [0.3045143620925678]
539-539:  [0.36601992141715417]
539-1828:  [0.3351720542679869]

Mean: 0.443188957

Pr values in: 145-145-precision-11-point.pkl
